<?xml version="1.0" encoding="UTF-8"?>
<!-- Generated by org.testng.reporters.JUnitReportReporter -->
<testsuite skipped="0" hostname="DESKTOP-KIRAN" name="tests.SampleTest" tests="3" failures="0" timestamp="2023-05-01T16:17:41 IST" time="0.217" errors="0">
  <testcase name="sampleTest3" time="0.107" classname="tests.SampleTest"/>
  <system-out/>
  <testcase name="sampleTest4" time="0.003" classname="tests.SampleTest"/>
  <system-out/>
  <testcase name="sampleTest2" time="0.107" classname="tests.SampleTest"/>
  <system-out/>
</testsuite> <!-- tests.SampleTest -->
