<?xml version="1.0" encoding="UTF-8"?>
<!-- Generated by org.testng.reporters.JUnitReportReporter -->
<testsuite skipped="0" hostname="DESKTOP-KIRAN" name="tests.SampleTest" tests="3" failures="0" timestamp="2023-04-30T18:51:25 IST" time="0.188" errors="0">
  <testcase name="sampleTest2" time="0.093" classname="tests.SampleTest"/>
  <system-out/>
  <testcase name="sampleTest3" time="0.093" classname="tests.SampleTest"/>
  <system-out/>
  <testcase name="sampleTest4" time="0.002" classname="tests.SampleTest"/>
  <system-out/>
</testsuite> <!-- tests.SampleTest -->
