<?xml version="1.0" encoding="UTF-8"?>
<!-- Generated by org.testng.reporters.JUnitReportReporter -->
<testsuite skipped="4" hostname="DESKTOP-KIRAN" name="tests.LoginTest" tests="5" failures="0" timestamp="2023-04-30T21:29:34 IST" time="4.290" errors="0">
  <testcase name="verifyValidLogin" time="4.290" classname="tests.LoginTest"/>
  <system-out/>
  <testcase name="verifyInValidLogin" classname="tests.LoginTest">
    <skipped/>
  </testcase> <!-- verifyInValidLogin -->
  <system-out/>
  <testcase name="verifyInValidLogin" classname="tests.LoginTest">
    <skipped/>
  </testcase> <!-- verifyInValidLogin -->
  <system-out/>
  <testcase name="verifyValidLoginLogout" classname="tests.LoginTest">
    <skipped/>
  </testcase> <!-- verifyValidLoginLogout -->
  <system-out/>
  <testcase name="verifyValidLoginLogout" classname="tests.LoginTest">
    <skipped/>
  </testcase> <!-- verifyValidLoginLogout -->
  <system-out/>
</testsuite> <!-- tests.LoginTest -->
