<?xml version="1.0" encoding="UTF-8"?>
<!-- Generated by org.testng.reporters.JUnitReportReporter -->
<testsuite skipped="2" hostname="DESKTOP-KIRAN" name="tests.LoginTest" tests="3" failures="0" timestamp="2023-04-30T00:11:28 IST" time="211.463" errors="0">
  <testcase name="verifyValidLogin" time="211.463" classname="tests.LoginTest"/>
  <system-out/>
  <testcase name="verifyInValidLogin" classname="tests.LoginTest">
    <skipped/>
  </testcase> <!-- verifyInValidLogin -->
  <system-out/>
  <testcase name="verifyValidLoginLogout" classname="tests.LoginTest">
    <skipped/>
  </testcase> <!-- verifyValidLoginLogout -->
  <system-out/>
</testsuite> <!-- tests.LoginTest -->
