<?xml version="1.0" encoding="UTF-8"?>
<!-- Generated by org.testng.reporters.JUnitReportReporter -->
<testsuite skipped="0" hostname="DESKTOP-KIRAN" name="tests.SampleTest" tests="1" failures="0" timestamp="2023-04-30T00:01:39 IST" time="0.074" errors="0">
  <testcase name="sampleTest1" time="0.074" classname="tests.SampleTest"/>
  <system-out/>
</testsuite> <!-- tests.SampleTest -->
