<?xml version="1.0" encoding="UTF-8"?>
<!-- Generated by org.testng.reporters.JUnitReportReporter -->
<testsuite hostname="DESKTOP-KIRAN" failures="0" tests="4" name="tests.SampleTest" time="0.096" errors="0" timestamp="2023-04-24T15:14:12 IST" skipped="0">
  <testcase classname="tests.SampleTest" name="sampleTest4" time="0.002"/>
  <system-out/>
  <testcase classname="tests.SampleTest" name="sampleTest1" time="0.090"/>
  <system-out/>
  <testcase classname="tests.SampleTest" name="sampleTest3" time="0.002"/>
  <system-out/>
  <testcase classname="tests.SampleTest" name="sampleTest2" time="0.002"/>
  <system-out/>
</testsuite> <!-- tests.SampleTest -->
